<?xml version="1.0" encoding="UTF-8"?>
<!-- Generated by org.testng.reporters.JUnitReportReporter -->
<testsuite skipped="0" hostname="DESKTOP-D9E8P4T" name="ExerciseOne" tests="2" failures="0" timestamp="2022-01-17T09:20:32 EST" time="0.009" errors="0">
  <testcase name="testIsValidCity" time="0.008" classname="ExerciseOne"/>
  <system-out/>
  <testcase name="testIsValidNOT" time="0.001" classname="ExerciseOne"/>
  <system-out/>
</testsuite> <!-- ExerciseOne -->
